<?xml version="1.0" encoding="UTF-8"?>
<!-- Generated by org.testng.reporters.JUnitReportReporter -->
<testsuite name="PDFComparison.PDFUtilComparison.DemoPDFTest" tests="1" time="3.427" ignored="6" failures="0" timestamp="20 Mar 2024 06:19:38 GMT" skipped="0" hostname="Raktims-MacBook-Pro.local" errors="0">
  <testcase name="comparePDFvisualMode" time="3.427" classname="PDFComparison.PDFUtilComparison.DemoPDFTest"/>
  <testcase name="getPageCount" classname="PDFComparison.PDFUtilComparison.DemoPDFTest">
    <skipped/>
  </testcase> <!-- getPageCount -->
  <testcase name="comparePDF" classname="PDFComparison.PDFUtilComparison.DemoPDFTest">
    <skipped/>
  </testcase> <!-- comparePDF -->
  <testcase name="getPageContentForPages" classname="PDFComparison.PDFUtilComparison.DemoPDFTest">
    <skipped/>
  </testcase> <!-- getPageContentForPages -->
  <testcase name="extractImages" classname="PDFComparison.PDFUtilComparison.DemoPDFTest">
    <skipped/>
  </testcase> <!-- extractImages -->
  <testcase name="storeImagesAsPDF" classname="PDFComparison.PDFUtilComparison.DemoPDFTest">
    <skipped/>
  </testcase> <!-- storeImagesAsPDF -->
  <testcase name="getPageContentForPage" classname="PDFComparison.PDFUtilComparison.DemoPDFTest">
    <skipped/>
  </testcase> <!-- getPageContentForPage -->
</testsuite> <!-- PDFComparison.PDFUtilComparison.DemoPDFTest -->
